1.9445 	WARNING 	We strongly recommend you activate the PTB sound engine in PsychoPy prefs as the preferred audio engine. Its timing is vastly superior. Your prefs are currently set to use ['sounddevice', 'PTB', 'pyo', 'pygame'] (in that order).
24.5667 	EXP 	Created window1 = Window(allowGUI=True, allowStencil=False, autoLog=True, backendConf=UNKNOWN, bitsMode=UNKNOWN, blendMode='avg', bpc=(8, 8, 8), color=array([-1., -1., -1.]), colorSpace='rgb', depthBits=8, fullscr=<method-wrapper '__getattribute__' of attributeSetter object at 0x0000016FA1045EB0>, gamma=None, gammaErrorPolicy='raise', lms=UNKNOWN, monitor=<psychopy.monitors.calibTools.Monitor object at 0x0000016FC8375E80>, multiSample=False, name='window1', numSamples=2, pos=(233, 84), screen=0, size=array([900, 600]), stencilBits=0, stereo=False, units='norm', useFBO=True, useRetina=False, viewOri=0.0, viewPos=None, viewScale=None, waitBlanking=True, winType='pyglet')
24.5669 	EXP 	window1: mouseVisible = True
24.5669 	EXP 	window1: mouseVisible = True
24.5669 	EXP 	window1: Attempting to measure frame rate of screen (0) ...
24.5669 	EXP 	window1: recordFrameIntervals = False
24.7331 	EXP 	window1: recordFrameIntervals = True
24.9493 	EXP 	Screen (0) actual frame rate measured at 59.89Hz
24.9493 	EXP 	window1: recordFrameIntervals = False
25.0471 	WARNING 	launchHubServer: If using the iohub mouse or eyetracker devices, fullScr should be True.
27.2180 	EXP 	Created instr_msg = TextStim(__class__=<class 'psychopy.visual.text.TextStim'>, alignHoriz=method-wrapper(...), alignText='center', alignVert=method-wrapper(...), anchorHoriz='center', anchorVert='center', antialias=True, autoDraw=False, autoLog=True, bold=False, color=array([1., 1., 1.]), colorSpace='rgb', contrast=1.0, depth=0.0, flipHoriz=False, flipVert=False, font='Times New Roman', fontFiles=[], height=0.2, italic=False, languageStyle='LTR', name='instr_msg', opacity=1.0, ori=0.0, pos=array([0., 0.]), rgb=UNKNOWN, text=str(...), units='norm', win=Window(...), wrapWidth=1.8)
27.2192 	EXP 	Created cue_practice = TextStim(__class__=<class 'psychopy.visual.text.TextStim'>, alignHoriz=method-wrapper(...), alignText='center', alignVert=method-wrapper(...), anchorHoriz='center', anchorVert='center', antialias=True, autoDraw=False, autoLog=True, bold=False, color=array([1., 1., 1.]), colorSpace='rgb', contrast=1.0, depth=-1.0, flipHoriz=False, flipVert=False, font='Times New Roman', fontFiles=[], height=0.2, italic=False, languageStyle='LTR', name='cue_practice', opacity=1.0, ori=0.0, pos=array([0. , 0.3]), rgb=UNKNOWN, text='', units='norm', win=Window(...), wrapWidth=1.8)
27.2202 	EXP 	Created target_practice = TextStim(__class__=<class 'psychopy.visual.text.TextStim'>, alignHoriz=method-wrapper(...), alignText='center', alignVert=method-wrapper(...), anchorHoriz='center', anchorVert='center', antialias=True, autoDraw=False, autoLog=True, bold=False, color=array([1., 1., 1.]), colorSpace='rgb', contrast=1.0, depth=-2.0, flipHoriz=False, flipVert=False, font='Times New Roman', fontFiles=[], height=0.2, italic=False, languageStyle='LTR', name='target_practice', opacity=1.0, ori=0.0, pos=array([ 0. , -0.3]), rgb=UNKNOWN, text='', units='norm', win=Window(...), wrapWidth=1.8)
27.2212 	EXP 	Created condition_name = TextStim(__class__=<class 'psychopy.visual.text.TextStim'>, alignHoriz=method-wrapper(...), alignText='center', alignVert=method-wrapper(...), anchorHoriz='center', anchorVert='center', antialias=True, autoDraw=False, autoLog=True, bold=False, color=array([ 1., -1., -1.]), colorSpace='rgb', contrast=1.0, depth=-4.0, flipHoriz=False, flipVert=False, font='Times New Roman', fontFiles=[], height=0.2, italic=False, languageStyle='LTR', name='condition_name', opacity=1.0, ori=0.0, pos=array([0. , 0.7]), rgb=UNKNOWN, text='', units='norm', win=Window(...), wrapWidth=1.8)
27.2226 	EXP 	Created cue_final = TextStim(__class__=<class 'psychopy.visual.text.TextStim'>, alignHoriz=method-wrapper(...), alignText='center', alignVert=method-wrapper(...), anchorHoriz='center', anchorVert='center', antialias=True, autoDraw=False, autoLog=True, bold=False, color=array([1., 1., 1.]), colorSpace='rgb', contrast=1.0, depth=0.0, flipHoriz=False, flipVert=False, font='Times New Roman', fontFiles=[], height=0.2, italic=False, languageStyle='LTR', name='cue_final', opacity=1.0, ori=0.0, pos=array([0. , 0.3]), rgb=UNKNOWN, text='', units='norm', win=Window(...), wrapWidth=1.8)
27.2294 	EXP 	Created target_final = TextStim(__class__=<class 'psychopy.visual.text.TextStim'>, alignHoriz=method-wrapper(...), alignText='center', alignVert=method-wrapper(...), anchorHoriz='center', anchorVert='center', antialias=True, autoDraw=False, autoLog=True, bold=False, color=array([1., 1., 1.]), colorSpace='rgb', contrast=1.0, depth=-1.0, flipHoriz=False, flipVert=False, font='Times New Roman', fontFiles=[], height=0.2, italic=False, languageStyle='LTR', name='target_final', opacity=1.0, ori=0.0, pos=array([ 0. , -0.3]), rgb=UNKNOWN, text='_ _ _ _ _', units='norm', win=Window(...), wrapWidth=1.8)
27.2427 	EXP 	Created thanks_msg = TextStim(__class__=<class 'psychopy.visual.text.TextStim'>, alignHoriz=method-wrapper(...), alignText='center', alignVert=method-wrapper(...), anchorHoriz='center', anchorVert='center', antialias=True, autoDraw=False, autoLog=True, bold=False, color=array([1., 1., 1.]), colorSpace='rgb', contrast=1.0, depth=0.0, flipHoriz=False, flipVert=False, font='Times New Roman', fontFiles=[], height=0.2, italic=False, languageStyle='LTR', name='thanks_msg', opacity=1.0, ori=0.0, pos=array([0., 0.]), rgb=UNKNOWN, text=str(...), units='norm', win=Window(...), wrapWidth=1.8)
27.2699 	EXP 	instr_msg: autoDraw = True
27.7015 	EXP 	Created sequence: random, trialTypes=1, nReps=3, seed=None
27.7017 	EXP 	New trial (rep=0, index=0): None
27.7111 	EXP 	Imported word_pairs.xlsx as conditions, 12 conditions, 3 params
27.7119 	EXP 	Created sequence: random, trialTypes=12, nReps=1, seed=174901
27.7123 	EXP 	New trial (rep=0, index=0): {'English': 'mark', 'Portuguese': 'marca', 'Inupiaq': 'aglak'}
27.7135 	EXP 	New trial (rep=0, index=1): {'English': 'kidney', 'Portuguese': 'rim', 'Inupiaq': 'taqtu'}
27.7144 	EXP 	New trial (rep=0, index=2): {'English': 'dust', 'Portuguese': 'pó', 'Inupiaq': 'apyuq'}
27.7150 	EXP 	New trial (rep=0, index=3): {'English': 'heaven', 'Portuguese': 'paraíso', 'Inupiaq': 'qixak'}
27.7154 	EXP 	New trial (rep=0, index=4): {'English': 'boot', 'Portuguese': 'bota', 'Inupiaq': 'kamik'}
27.7160 	EXP 	New trial (rep=0, index=5): {'English': 'rainbow', 'Portuguese': 'arco-íris', 'Inupiaq': 'nigaq'}
27.7165 	EXP 	New trial (rep=0, index=6): {'English': 'sled', 'Portuguese': 'trenó', 'Inupiaq': 'uniat'}
27.7169 	EXP 	New trial (rep=0, index=7): {'English': 'thread', 'Portuguese': 'fio', 'Inupiaq': 'ivalu'}
27.7173 	EXP 	New trial (rep=0, index=8): {'English': 'tea', 'Portuguese': 'chá', 'Inupiaq': 'saiyu'}
27.7178 	EXP 	New trial (rep=0, index=9): {'English': 'duck', 'Portuguese': 'pato', 'Inupiaq': 'mitiq'}
27.7183 	EXP 	New trial (rep=0, index=10): {'English': 'cliff', 'Portuguese': 'penhasco', 'Inupiaq': 'ikpik'}
27.7188 	EXP 	New trial (rep=0, index=11): {'English': 'snail', 'Portuguese': 'lesma', 'Inupiaq': 'uvixu'}
27.7194 	EXP 	New trial (rep=1, index=0): None
27.7257 	EXP 	Imported word_pairs.xlsx as conditions, 12 conditions, 3 params
27.7262 	EXP 	Created sequence: random, trialTypes=12, nReps=1, seed=174901
27.7264 	EXP 	New trial (rep=0, index=0): {'English': 'mark', 'Portuguese': 'marca', 'Inupiaq': 'aglak'}
27.7276 	EXP 	New trial (rep=0, index=1): {'English': 'kidney', 'Portuguese': 'rim', 'Inupiaq': 'taqtu'}
27.7287 	EXP 	New trial (rep=0, index=2): {'English': 'dust', 'Portuguese': 'pó', 'Inupiaq': 'apyuq'}
27.7296 	EXP 	New trial (rep=0, index=3): {'English': 'heaven', 'Portuguese': 'paraíso', 'Inupiaq': 'qixak'}
27.7306 	EXP 	New trial (rep=0, index=4): {'English': 'boot', 'Portuguese': 'bota', 'Inupiaq': 'kamik'}
27.7315 	EXP 	New trial (rep=0, index=5): {'English': 'rainbow', 'Portuguese': 'arco-íris', 'Inupiaq': 'nigaq'}
27.7322 	EXP 	New trial (rep=0, index=6): {'English': 'sled', 'Portuguese': 'trenó', 'Inupiaq': 'uniat'}
27.7327 	EXP 	New trial (rep=0, index=7): {'English': 'thread', 'Portuguese': 'fio', 'Inupiaq': 'ivalu'}
27.7332 	EXP 	New trial (rep=0, index=8): {'English': 'tea', 'Portuguese': 'chá', 'Inupiaq': 'saiyu'}
27.7336 	EXP 	New trial (rep=0, index=9): {'English': 'duck', 'Portuguese': 'pato', 'Inupiaq': 'mitiq'}
27.7341 	EXP 	New trial (rep=0, index=10): {'English': 'cliff', 'Portuguese': 'penhasco', 'Inupiaq': 'ikpik'}
27.7346 	EXP 	New trial (rep=0, index=11): {'English': 'snail', 'Portuguese': 'lesma', 'Inupiaq': 'uvixu'}
27.7353 	EXP 	New trial (rep=2, index=0): None
27.7431 	EXP 	Imported word_pairs.xlsx as conditions, 12 conditions, 3 params
27.7436 	EXP 	Created sequence: random, trialTypes=12, nReps=1, seed=174901
27.7438 	EXP 	New trial (rep=0, index=0): {'English': 'mark', 'Portuguese': 'marca', 'Inupiaq': 'aglak'}
27.7445 	EXP 	New trial (rep=0, index=1): {'English': 'kidney', 'Portuguese': 'rim', 'Inupiaq': 'taqtu'}
27.7457 	EXP 	New trial (rep=0, index=2): {'English': 'dust', 'Portuguese': 'pó', 'Inupiaq': 'apyuq'}
27.7466 	EXP 	New trial (rep=0, index=3): {'English': 'heaven', 'Portuguese': 'paraíso', 'Inupiaq': 'qixak'}
27.7471 	EXP 	New trial (rep=0, index=4): {'English': 'boot', 'Portuguese': 'bota', 'Inupiaq': 'kamik'}
27.7476 	EXP 	New trial (rep=0, index=5): {'English': 'rainbow', 'Portuguese': 'arco-íris', 'Inupiaq': 'nigaq'}
27.7482 	EXP 	New trial (rep=0, index=6): {'English': 'sled', 'Portuguese': 'trenó', 'Inupiaq': 'uniat'}
27.7488 	EXP 	New trial (rep=0, index=7): {'English': 'thread', 'Portuguese': 'fio', 'Inupiaq': 'ivalu'}
27.7494 	EXP 	New trial (rep=0, index=8): {'English': 'tea', 'Portuguese': 'chá', 'Inupiaq': 'saiyu'}
27.7499 	EXP 	New trial (rep=0, index=9): {'English': 'duck', 'Portuguese': 'pato', 'Inupiaq': 'mitiq'}
27.7504 	EXP 	New trial (rep=0, index=10): {'English': 'cliff', 'Portuguese': 'penhasco', 'Inupiaq': 'ikpik'}
27.7509 	EXP 	New trial (rep=0, index=11): {'English': 'snail', 'Portuguese': 'lesma', 'Inupiaq': 'uvixu'}
27.7521 	EXP 	Created sequence: random, trialTypes=1, nReps=2, seed=None
27.7523 	EXP 	New trial (rep=0, index=0): None
27.7525 	EXP 	Created sequence: random, trialTypes=1, nReps=6, seed=None
27.7526 	EXP 	New trial (rep=0, index=0): None
27.7591 	EXP 	Imported word_pairs.xlsx as conditions, 6 conditions, 3 params
27.7595 	EXP 	Created sequence: random, trialTypes=6, nReps=1, seed=174901
27.7598 	EXP 	New trial (rep=0, index=0): {'English': 'sled', 'Portuguese': 'trenó', 'Inupiaq': 'uniat'}
27.7812 	DATA 	Keypress: space
27.7961 	EXP 	instr_msg: autoDraw = False
27.7961 	EXP 	cue_practice: height = 0.2
27.7961 	EXP 	cue_practice: height = 0.2
27.7961 	EXP 	cue_practice: height = 0.2
27.7961 	EXP 	cue_practice: text = 'trenó'
27.7961 	EXP 	target_practice: height = 0.2
27.7961 	EXP 	target_practice: height = 0.2
27.7961 	EXP 	target_practice: height = 0.2
27.7961 	EXP 	target_practice: text = 'u n i a t'
27.7961 	EXP 	condition_name: height = 0.2
27.7961 	EXP 	condition_name: height = 0.2
27.7961 	EXP 	condition_name: height = 0.2
27.7961 	EXP 	condition_name: text = 'diminuição'
27.7961 	EXP 	cue_practice: autoDraw = True
27.7961 	EXP 	target_practice: autoDraw = True
27.7961 	EXP 	condition_name: autoDraw = True
32.7037 	DATA 	Keypress: escape
33.0534 	EXP 	window1: mouseVisible = True
