3.8941 	WARNING 	We strongly recommend you activate the PTB sound engine in PsychoPy prefs as the preferred audio engine. Its timing is vastly superior. Your prefs are currently set to use ['sounddevice', 'PTB', 'pyo', 'pygame'] (in that order).
37.8263 	EXP 	Created window1 = Window(allowGUI=True, allowStencil=False, autoLog=True, backendConf=UNKNOWN, bitsMode=UNKNOWN, blendMode='avg', bpc=(8, 8, 8), color=array([0, 0, 0]), colorSpace='rgb', depthBits=8, fullscr=<method-wrapper '__getattribute__' of attributeSetter object at 0x0000020D85DF64C0>, gamma=None, gammaErrorPolicy='raise', lms=UNKNOWN, monitor=<psychopy.monitors.calibTools.Monitor object at 0x0000020DAEACAC70>, multiSample=False, name='window1', numSamples=2, pos=(233, 84), screen=0, size=array([900, 600]), stencilBits=0, stereo=False, units='norm', useFBO=True, useRetina=False, viewOri=0.0, viewPos=None, viewScale=None, waitBlanking=True, winType='pyglet')
37.8264 	EXP 	window1: mouseVisible = True
37.8265 	EXP 	window1: mouseVisible = True
37.8265 	EXP 	window1: Attempting to measure frame rate of screen (0) ...
37.8265 	EXP 	window1: recordFrameIntervals = False
37.9888 	EXP 	window1: recordFrameIntervals = True
38.1724 	EXP 	Screen (0) actual frame rate measured at 59.95Hz
38.1725 	EXP 	window1: recordFrameIntervals = False
38.3064 	WARNING 	launchHubServer: If using the iohub mouse or eyetracker devices, fullScr should be True.
43.5485 	EXP 	Created instruction_text = ImageStim(__class__=<class 'psychopy.visual.image.ImageStim'>, anchor=('center', 'center'), autoLog=True, color=array([1., 1., 1.]), colorSpace='rgb', contrast=1.0, depth=-1.0, flipHoriz=False, flipVert=False, image='sin', interpolate=True, mask=None, maskParams=None, name='instruction_text', opacity=1.0, ori=0.0, pos=array([0. , 0.4]), size=array([2. , 1.4]), texRes=128, units='norm', win=Window(...))
43.5591 	EXP 	Created instruction_image = ImageStim(__class__=<class 'psychopy.visual.image.ImageStim'>, anchor=('center', 'center'), autoLog=True, color=array([1., 1., 1.]), colorSpace='rgb', contrast=1.0, depth=-2.0, flipHoriz=False, flipVert=False, image='sin', interpolate=True, mask=None, maskParams=None, name='instruction_image', opacity=1.0, ori=0.0, pos=array([-0.35, -0.6 ]), size=array([0.75, 0.65]), texRes=128, units='norm', win=Window(...))
43.6900 	EXP 	window1: mouseVisible = True
43.7824 	EXP 	window1: mouseVisible = True
43.8597 	EXP 	Created cue_study = TextStim(__class__=<class 'psychopy.visual.text.TextStim'>, alignHoriz=method-wrapper(...), alignText='center', alignVert=method-wrapper(...), anchorHoriz='center', anchorVert='center', antialias=True, autoDraw=False, autoLog=True, bold=False, color=array([1., 1., 1.]), colorSpace='rgb', contrast=1.0, depth=-1.0, flipHoriz=False, flipVert=False, font='Times New Roman', fontFiles=[], height=0.2, italic=False, languageStyle='LTR', name='cue_study', opacity=1.0, ori=0.0, pos=array([0. , 0.2]), rgb=UNKNOWN, text='', units='norm', win=Window(...), wrapWidth=1)
43.8637 	EXP 	Created target_study = TextStim(__class__=<class 'psychopy.visual.text.TextStim'>, alignHoriz=method-wrapper(...), alignText='center', alignVert=method-wrapper(...), anchorHoriz='center', anchorVert='center', antialias=True, autoDraw=False, autoLog=True, bold=False, color=array([1., 1., 1.]), colorSpace='rgb', contrast=1.0, depth=-2.0, flipHoriz=False, flipVert=False, font='Times New Roman', fontFiles=[], height=0.2, italic=False, languageStyle='LTR', name='target_study', opacity=1.0, ori=0.0, pos=array([ 0. , -0.2]), rgb=UNKNOWN, text='', units='norm', win=Window(...), wrapWidth=1)
43.8662 	EXP 	Created math_problem = TextStim(__class__=<class 'psychopy.visual.text.TextStim'>, alignHoriz=method-wrapper(...), alignText='center', alignVert=method-wrapper(...), anchorHoriz='center', anchorVert='center', antialias=True, autoDraw=False, autoLog=True, bold=False, color=array([1., 1., 1.]), colorSpace='rgb', contrast=1.0, depth=-1.0, flipHoriz=False, flipVert=False, font='Times New Roman', fontFiles=[], height=0.2, italic=False, languageStyle='LTR', name='math_problem', opacity=1.0, ori=0, pos=array([0.  , 0.15]), rgb=UNKNOWN, text='', units='norm', win=Window(...), wrapWidth=1.8)
43.8682 	EXP 	Created math_resp = TextStim(__class__=<class 'psychopy.visual.text.TextStim'>, alignHoriz=method-wrapper(...), alignText='center', alignVert=method-wrapper(...), anchorHoriz='center', anchorVert='center', antialias=True, autoDraw=False, autoLog=True, bold=False, color=array([1., 1., 1.]), colorSpace='rgb', contrast=1.0, depth=-2.0, flipHoriz=False, flipVert=False, font='Times New Roman', fontFiles=[], height=0.2, italic=False, languageStyle='LTR', name='math_resp', opacity=1.0, ori=0.0, pos=array([ 0.  , -0.15]), rgb=UNKNOWN, text='', units='norm', win=Window(...), wrapWidth=1.8)
43.8737 	EXP 	Created math_line = Rect(__class__=<class 'psychopy.visual.rect.Rect'>, anchor=('center', 'center'), autoDraw=False, autoLog=True, closeShape=True, color=method-wrapper(...), colorSpace='rgb', contrast=None, depth=-3.0, fillColor=array([1, 1, 1]), fillColorSpace='rgb', fillRGB=array([1, 1, 1]), interpolate=True, lineColor=array([1., 1., 1.]), lineColorSpace='rgb', lineRGB=array([1, 1, 1]), lineWidth=1, name='math_line', opacity=1.0, ori=0.0, pos=array([ 0.  , -0.25]), size=array([0.3 , 0.01]), units='norm', vertices=ndarray(...), win=Window(...))
44.0300 	EXP 	Created math_prompt = TextStim(__class__=<class 'psychopy.visual.text.TextStim'>, alignHoriz=method-wrapper(...), alignText='center', alignVert=method-wrapper(...), anchorHoriz='center', anchorVert='center', antialias=True, autoDraw=False, autoLog=True, bold=False, color=array([ 1.        ,  0.29411765, -1.        ]), colorSpace='rgb', contrast=1.0, depth=-4.0, flipHoriz=False, flipVert=False, font='Times New Roman', fontFiles=[], height=0.12, italic=False, languageStyle='LTR', name='math_prompt', opacity=1.0, ori=0.0, pos=array([0. , 0.7]), rgb=UNKNOWN, text='Digite sua resposta e tecle [ENTER].', units='norm', win=Window(...), wrapWidth=1.8)
44.0914 	EXP 	Created prompt_msg = TextStim(__class__=<class 'psychopy.visual.text.TextStim'>, alignHoriz=method-wrapper(...), alignText='center', alignVert=method-wrapper(...), anchorHoriz='center', anchorVert='center', antialias=True, autoDraw=False, autoLog=True, bold=False, color=array([1., 1., 1.]), colorSpace='rgb', contrast=1.0, depth=0.0, flipHoriz=False, flipVert=False, font='Times New Roman', fontFiles=[], height=0.15, italic=False, languageStyle='LTR', name='prompt_msg', opacity=1.0, ori=0.0, pos=array([0., 0.]), rgb=UNKNOWN, text=str(...), units='norm', win=Window(...), wrapWidth=1.8)
44.0973 	EXP 	Created cue_test = TextStim(__class__=<class 'psychopy.visual.text.TextStim'>, alignHoriz=method-wrapper(...), alignText='center', alignVert=method-wrapper(...), anchorHoriz='center', anchorVert='center', antialias=True, autoDraw=False, autoLog=True, bold=False, color=array([1., 1., 1.]), colorSpace='rgb', contrast=1.0, depth=-2.0, flipHoriz=False, flipVert=False, font='Times New Roman', fontFiles=[], height=0.2, italic=False, languageStyle='LTR', name='cue_test', opacity=1.0, ori=0, pos=array([0. , 0.2]), rgb=UNKNOWN, text='', units='norm', win=Window(...), wrapWidth=1.8)
44.1908 	EXP 	Created thanks_msg = TextStim(__class__=<class 'psychopy.visual.text.TextStim'>, alignHoriz=method-wrapper(...), alignText='center', alignVert=method-wrapper(...), anchorHoriz='center', anchorVert='center', antialias=True, autoDraw=False, autoLog=True, bold=False, color=array([1., 1., 1.]), colorSpace='rgb', contrast=1.0, depth=0.0, flipHoriz=False, flipVert=False, font='Times New Roman', fontFiles=[], height=0.12, italic=False, languageStyle='LTR', name='thanks_msg', opacity=1.0, ori=0.0, pos=array([0., 0.]), rgb=UNKNOWN, text=str(...), units='norm', win=Window(...), wrapWidth=1.8)
44.1921 	EXP 	Created sequence: sequential, trialTypes=1, nReps=999, seed=None
44.1989 	EXP 	New trial (rep=0, index=0): None
44.3728 	EXP 	target_test: autoLog = True
44.3728 	EXP 	instruction_text: image = 'instrucao_11.jpg'
44.3728 	EXP 	instruction_image: texRes = 128
44.3728 	EXP 	instruction_image: image = 'imagem_11.jpg'
44.3728 	EXP 	instruction_text: autoDraw = True
44.3728 	EXP 	instruction_image: autoDraw = True
45.8402 	DATA 	Mouse: Left button down, pos=(830,65)
45.8721 	EXP 	New trial (rep=1, index=0): None
45.9229 	EXP 	instruction_text: autoDraw = False
45.9229 	EXP 	instruction_image: autoDraw = False
45.9229 	EXP 	instruction_text: image = 'instrucao_12.jpg'
45.9229 	EXP 	instruction_image: texRes = 128
45.9229 	EXP 	instruction_image: image = 'imagem_12.jpg'
45.9229 	EXP 	instruction_text: autoDraw = True
45.9229 	EXP 	instruction_image: autoDraw = True
45.9731 	DATA 	Mouse:  Left button up, pos=(830,65)
46.6569 	DATA 	Mouse: Left button down, pos=(817,66)
46.6835 	EXP 	New trial (rep=2, index=0): None
46.7229 	EXP 	instruction_text: autoDraw = False
46.7229 	EXP 	instruction_image: autoDraw = False
46.7229 	EXP 	instruction_text: image = 'instrucao_13.jpg'
46.7229 	EXP 	instruction_image: texRes = 128
46.7229 	EXP 	instruction_image: image = 'imagem_13.jpg'
46.7229 	EXP 	instruction_text: autoDraw = True
46.7229 	EXP 	instruction_image: autoDraw = True
46.8072 	DATA 	Mouse:  Left button up, pos=(817,66)
47.0234 	DATA 	Mouse: Left button down, pos=(817,66)
47.0507 	EXP 	New trial (rep=3, index=0): None
47.0894 	EXP 	instruction_text: autoDraw = False
47.0894 	EXP 	instruction_image: autoDraw = False
47.0894 	EXP 	instruction_text: image = 'instrucao_14.jpg'
47.0894 	EXP 	instruction_image: texRes = 128
47.0894 	EXP 	instruction_image: image = 'imagem_14.jpg'
47.0894 	EXP 	instruction_text: autoDraw = True
47.0894 	EXP 	instruction_image: autoDraw = True
47.1566 	DATA 	Mouse:  Left button up, pos=(817,66)
47.2942 	DATA 	Mouse: Left button down, pos=(817,66)
47.3324 	EXP 	New trial (rep=4, index=0): None
47.3727 	EXP 	instruction_text: autoDraw = False
47.3727 	EXP 	instruction_image: autoDraw = False
47.3727 	EXP 	instruction_text: image = 'instrucao_15.jpg'
47.3727 	EXP 	instruction_image: texRes = 128
47.3727 	EXP 	instruction_image: image = 'imagem_15.jpg'
47.3727 	EXP 	instruction_text: autoDraw = True
47.3727 	EXP 	instruction_image: autoDraw = True
47.4236 	DATA 	Mouse:  Left button up, pos=(817,66)
49.0066 	DATA 	Mouse: Left button down, pos=(817,66)
49.0285 	EXP 	Created sequence: random, trialTypes=1, nReps=4, seed=None
49.0288 	EXP 	New trial (rep=0, index=0): None
49.0470 	EXP 	Imported cycle_1.csv as conditions, 40 conditions, 2 params
49.0483 	EXP 	Created sequence: random, trialTypes=40, nReps=1, seed=None
49.0489 	EXP 	New trial (rep=0, index=0): OrderedDict([('English', 'broom'), ('Portuguese', 'vassoura')])
49.1038 	EXP 	instruction_text: autoDraw = False
49.1038 	EXP 	instruction_image: autoDraw = False
49.1038 	EXP 	cue_study: height = 0.2
49.1038 	EXP 	cue_study: height = 0.2
49.1038 	EXP 	cue_study: height = 0.2
49.1038 	EXP 	cue_study: text = 'broom'
49.1038 	EXP 	target_study: height = 0.2
49.1038 	EXP 	target_study: height = 0.2
49.1038 	EXP 	target_study: height = 0.2
49.1038 	EXP 	target_study: text = 'vassoura'
49.1038 	EXP 	cue_study: autoDraw = True
49.1038 	EXP 	target_study: autoDraw = True
49.1431 	DATA 	Mouse:  Left button up, pos=(817,66)
49.6271 	DATA 	Keypress: escape
50.0007 	EXP 	window1: mouseVisible = True
