3.6120 	WARNING 	We strongly recommend you activate the PTB sound engine in PsychoPy prefs as the preferred audio engine. Its timing is vastly superior. Your prefs are currently set to use ['sounddevice', 'PTB', 'pyo', 'pygame'] (in that order).
15.4990 	WARNING 	Couldn't measure a consistent frame rate!
  - Is your graphics card set to sync to vertical blank?
  - Are you running other processes on your computer?

15.4994 	EXP 	Created window1 = Window(allowGUI=True, allowStencil=False, autoLog=True, backendConf=UNKNOWN, bitsMode=UNKNOWN, blendMode='avg', bpc=(8, 8, 8), color=array([-1., -1., -1.]), colorSpace='rgb', depthBits=8, fullscr=<method-wrapper '__getattribute__' of attributeSetter object at 0x0000017359C94580>, gamma=None, gammaErrorPolicy='raise', lms=UNKNOWN, monitor=<psychopy.monitors.calibTools.Monitor object at 0x0000017303687EB0>, multiSample=False, name='window1', numSamples=2, pos=(233, 84), screen=0, size=array([900, 600]), stencilBits=0, stereo=False, units='norm', useFBO=True, useRetina=False, viewOri=0.0, viewPos=None, viewScale=None, waitBlanking=True, winType='pyglet')
15.4995 	EXP 	window1: mouseVisible = True
15.4995 	EXP 	window1: mouseVisible = True
15.4996 	EXP 	window1: Attempting to measure frame rate of screen (0) ...
15.4996 	EXP 	window1: recordFrameIntervals = False
15.6665 	EXP 	window1: recordFrameIntervals = True
15.7202 	WARNING 	t of last frame was 20.17ms (=1/49)
16.0544 	WARNING 	t of last frame was 20.73ms (=1/48)
16.3196 	WARNING 	t of last frame was 20.93ms (=1/47)
16.3525 	WARNING 	t of last frame was 20.09ms (=1/49)
16.3864 	WARNING 	Multiple dropped frames have occurred - I'll stop bothering you about them!
17.3326 	WARNING 	Couldn't measure a consistent frame rate!
  - Is your graphics card set to sync to vertical blank?
  - Are you running other processes on your computer?

17.5676 	EXP 	Created instr_msg = TextStim(__class__=<class 'psychopy.visual.text.TextStim'>, alignHoriz=method-wrapper(...), alignText='center', alignVert=method-wrapper(...), anchorHoriz='center', anchorVert='center', antialias=True, autoDraw=False, autoLog=True, bold=False, color=array([1., 1., 1.]), colorSpace='rgb', contrast=1.0, depth=-1.0, flipHoriz=False, flipVert=False, font='Times New Roman', fontFiles=[], height=0.1, italic=False, languageStyle='LTR', name='instr_msg', opacity=1.0, ori=0, pos=array([0., 0.]), rgb=UNKNOWN, text='', units='norm', win=Window(...), wrapWidth=1.8)
17.5909 	EXP 	Created instr_button = ImageStim(__class__=<class 'psychopy.visual.image.ImageStim'>, anchor=('center', 'center'), autoLog=True, color=array([1., 1., 1.]), colorSpace='rgb', contrast=1.0, depth=-3.0, flipHoriz=False, flipVert=False, image='sin', interpolate=True, mask=None, maskParams=None, name='instr_button', opacity=1.0, ori=0.0, pos=array([ 0. , -0.7]), size=array([0.4, 0.4]), texRes=128.0, units='norm', win=Window(...))
17.5928 	EXP 	Created word = TextStim(__class__=<class 'psychopy.visual.text.TextStim'>, alignHoriz=method-wrapper(...), alignText='center', alignVert=method-wrapper(...), anchorHoriz='center', anchorVert='center', antialias=True, autoDraw=False, autoLog=True, bold=False, color=array([1., 1., 1.]), colorSpace='rgb', contrast=1.0, depth=0.0, flipHoriz=False, flipVert=False, font='Times New Roman', fontFiles=[], height=0.25, italic=False, languageStyle='LTR', name='word', opacity=1.0, ori=0, pos=array([0., 0.]), rgb=UNKNOWN, text='', units='norm', win=Window(...), wrapWidth=1.8)
17.5942 	EXP 	Created thansk_msg = TextStim(__class__=<class 'psychopy.visual.text.TextStim'>, alignHoriz=method-wrapper(...), alignText='center', alignVert=method-wrapper(...), anchorHoriz='center', anchorVert='center', antialias=True, autoDraw=False, autoLog=True, bold=False, color=array([1., 1., 1.]), colorSpace='rgb', contrast=1.0, depth=0.0, flipHoriz=False, flipVert=False, font='Times New Roman', fontFiles=[], height=0.1, italic=False, languageStyle='LTR', name='thansk_msg', opacity=1.0, ori=0, pos=array([0., 0.]), rgb=UNKNOWN, text='', units='norm', win=Window(...), wrapWidth=1.8)
17.5946 	EXP 	Created sequence: sequential, trialTypes=1, nReps=999, seed=None
17.5988 	EXP 	New trial (rep=0, index=0): None
17.7845 	EXP 	instr_msg: height = 0.1
17.7845 	EXP 	instr_msg: height = 0.1
17.7845 	EXP 	instr_msg: height = 0.1
17.7845 	EXP 	instr_msg: text = 'Olá, ! Começaremos agora a primeira sessão desta pesquisa.'
17.7845 	EXP 	instr_button: image = 'buttons1.jpg'
17.7845 	EXP 	instr_msg: autoDraw = True
17.7845 	EXP 	instr_button: autoDraw = True
24.0013 	DATA 	Keypress: escape
24.7756 	EXP 	window1: mouseVisible = True
