3.8597 	WARNING 	We strongly recommend you activate the PTB sound engine in PsychoPy prefs as the preferred audio engine. Its timing is vastly superior. Your prefs are currently set to use ['sounddevice', 'PTB', 'pyo', 'pygame'] (in that order).
26.6197 	EXP 	Created window1 = Window(allowGUI=True, allowStencil=False, autoLog=True, backendConf=UNKNOWN, bitsMode=UNKNOWN, blendMode='avg', bpc=(8, 8, 8), color=array([-1., -1., -1.]), colorSpace='rgb', depthBits=8, fullscr=<method-wrapper '__getattribute__' of attributeSetter object at 0x0000028EF23814F0>, gamma=None, gammaErrorPolicy='raise', lms=UNKNOWN, monitor=<psychopy.monitors.calibTools.Monitor object at 0x0000028E9DA14FD0>, multiSample=False, name='window1', numSamples=2, pos=(233, 84), screen=0, size=array([900, 600]), stencilBits=0, stereo=False, units='norm', useFBO=True, useRetina=False, viewOri=0.0, viewPos=None, viewScale=None, waitBlanking=True, winType='pyglet')
26.6198 	EXP 	window1: mouseVisible = True
26.6199 	EXP 	window1: mouseVisible = True
26.6199 	EXP 	window1: Attempting to measure frame rate of screen (0) ...
26.6199 	EXP 	window1: recordFrameIntervals = False
26.7923 	EXP 	window1: recordFrameIntervals = True
27.0402 	WARNING 	t of last frame was 20.42ms (=1/48)
27.0814 	WARNING 	t of last frame was 25.56ms (=1/39)
27.1104 	WARNING 	t of last frame was 28.94ms (=1/34)
27.1399 	WARNING 	t of last frame was 29.51ms (=1/33)
27.2002 	WARNING 	Multiple dropped frames have occurred - I'll stop bothering you about them!
27.8385 	EXP 	Screen (0) actual frame rate measured at 59.09Hz
27.8385 	EXP 	window1: recordFrameIntervals = False
28.3549 	EXP 	Created instr_msg = TextStim(__class__=<class 'psychopy.visual.text.TextStim'>, alignHoriz=method-wrapper(...), alignText='center', alignVert=method-wrapper(...), anchorHoriz='center', anchorVert='center', antialias=True, autoDraw=False, autoLog=True, bold=False, color=array([1., 1., 1.]), colorSpace='rgb', contrast=1.0, depth=0.0, flipHoriz=False, flipVert=False, font='Times New Roman', fontFiles=[], height=0.1, italic=False, languageStyle='LTR', name='instr_msg', opacity=1.0, ori=0, pos=array([0., 0.]), rgb=UNKNOWN, text=str(...), units='norm', win=Window(...), wrapWidth=1.8)
28.3575 	EXP 	Created word = TextStim(__class__=<class 'psychopy.visual.text.TextStim'>, alignHoriz=method-wrapper(...), alignText='center', alignVert=method-wrapper(...), anchorHoriz='center', anchorVert='center', antialias=True, autoDraw=False, autoLog=True, bold=False, color=array([1., 1., 1.]), colorSpace='rgb', contrast=1.0, depth=0.0, flipHoriz=False, flipVert=False, font='Times New Roman', fontFiles=[], height=0.25, italic=False, languageStyle='LTR', name='word', opacity=1.0, ori=0, pos=array([0., 0.]), rgb=UNKNOWN, text='', units='norm', win=Window(...), wrapWidth=1.8)
28.4377 	EXP 	Created thansk_msg = TextStim(__class__=<class 'psychopy.visual.text.TextStim'>, alignHoriz=method-wrapper(...), alignText='center', alignVert=method-wrapper(...), anchorHoriz='center', anchorVert='center', antialias=True, autoDraw=False, autoLog=True, bold=False, color=array([1., 1., 1.]), colorSpace='rgb', contrast=1.0, depth=0.0, flipHoriz=False, flipVert=False, font='Times New Roman', fontFiles=[], height=0.1, italic=False, languageStyle='LTR', name='thansk_msg', opacity=1.0, ori=0, pos=array([0., 0.]), rgb=UNKNOWN, text=str(...), units='norm', win=Window(...), wrapWidth=1.8)
28.4590 	EXP 	instr_msg: autoDraw = True
55.7283 	EXP 	Imported words.xlsx as conditions, 5 conditions, 1 params
55.7291 	EXP 	Created sequence: random, trialTypes=5, nReps=1, seed=None
55.7295 	EXP 	New trial (rep=0, index=0): {'portuguese': 'palavra4'}
55.7501 	DATA 	Keypress: space
55.7676 	EXP 	instr_msg: autoDraw = False
55.7676 	EXP 	word: height = 0.25
55.7676 	EXP 	word: height = 0.25
55.7676 	EXP 	word: height = 0.25
55.7676 	EXP 	word: text = 'palavra4'
55.7676 	EXP 	word: autoDraw = True
60.7378 	EXP 	New trial (rep=0, index=1): {'portuguese': 'palavra2'}
60.7696 	EXP 	word: autoDraw = False
60.7696 	EXP 	word: height = 0.25
60.7696 	EXP 	word: height = 0.25
60.7696 	EXP 	word: height = 0.25
60.7696 	EXP 	word: text = 'palavra2'
60.7696 	EXP 	word: autoDraw = True
65.7356 	EXP 	New trial (rep=0, index=2): {'portuguese': 'palavra1'}
65.7529 	EXP 	word: autoDraw = False
65.7529 	EXP 	word: height = 0.25
65.7529 	EXP 	word: height = 0.25
65.7529 	EXP 	word: height = 0.25
65.7529 	EXP 	word: text = 'palavra1'
65.7529 	EXP 	word: autoDraw = True
70.7226 	EXP 	New trial (rep=0, index=3): {'portuguese': 'palavra5'}
70.7513 	EXP 	word: autoDraw = False
70.7513 	EXP 	word: height = 0.25
70.7513 	EXP 	word: height = 0.25
70.7513 	EXP 	word: height = 0.25
70.7513 	EXP 	word: text = 'palavra5'
70.7513 	EXP 	word: autoDraw = True
75.7348 	EXP 	New trial (rep=0, index=4): {'portuguese': 'palavra3'}
75.7537 	EXP 	word: autoDraw = False
75.7537 	EXP 	word: height = 0.25
75.7537 	EXP 	word: height = 0.25
75.7537 	EXP 	word: height = 0.25
75.7537 	EXP 	word: text = 'palavra3'
75.7537 	EXP 	word: autoDraw = True
80.7524 	EXP 	word: autoDraw = False
80.7524 	EXP 	thansk_msg: autoDraw = True
85.7531 	EXP 	thansk_msg: autoDraw = False
85.9687 	EXP 	window1: mouseVisible = True
