2.9911 	WARNING 	We strongly recommend you activate the PTB sound engine in PsychoPy prefs as the preferred audio engine. Its timing is vastly superior. Your prefs are currently set to use ['sounddevice', 'PTB', 'pyo', 'pygame'] (in that order).
14.6408 	EXP 	Created window1 = Window(allowGUI=True, allowStencil=False, autoLog=True, backendConf=UNKNOWN, bitsMode=UNKNOWN, blendMode='avg', bpc=(8, 8, 8), color=array([-1., -1., -1.]), colorSpace='rgb', depthBits=8, fullscr=<method-wrapper '__getattribute__' of attributeSetter object at 0x000001E79264F340>, gamma=None, gammaErrorPolicy='raise', lms=UNKNOWN, monitor=<psychopy.monitors.calibTools.Monitor object at 0x000001E7BBD57FD0>, multiSample=False, name='window1', numSamples=2, pos=(233, 84), screen=0, size=array([900, 600]), stencilBits=0, stereo=False, units='norm', useFBO=True, useRetina=False, viewOri=0.0, viewPos=None, viewScale=None, waitBlanking=True, winType='pyglet')
14.6409 	EXP 	window1: mouseVisible = True
14.6409 	EXP 	window1: mouseVisible = True
14.6409 	EXP 	window1: Attempting to measure frame rate of screen (0) ...
14.6409 	EXP 	window1: recordFrameIntervals = False
14.8071 	EXP 	window1: recordFrameIntervals = True
15.1906 	EXP 	Screen (0) actual frame rate measured at 59.82Hz
15.1907 	EXP 	window1: recordFrameIntervals = False
15.4226 	EXP 	Created instr_msg = TextStim(__class__=<class 'psychopy.visual.text.TextStim'>, alignHoriz=method-wrapper(...), alignText='center', alignVert=method-wrapper(...), anchorHoriz='center', anchorVert='center', antialias=True, autoDraw=False, autoLog=True, bold=False, color=array([1., 1., 1.]), colorSpace='rgb', contrast=1.0, depth=-1.0, flipHoriz=False, flipVert=False, font='Times New Roman', fontFiles=[], height=0.1, italic=False, languageStyle='LTR', name='instr_msg', opacity=1.0, ori=0, pos=array([0., 0.]), rgb=UNKNOWN, text='', units='norm', win=Window(...), wrapWidth=1.8)
15.4452 	EXP 	Created instr_button = ImageStim(__class__=<class 'psychopy.visual.image.ImageStim'>, anchor=('center', 'center'), autoLog=True, color=array([1., 1., 1.]), colorSpace='rgb', contrast=1.0, depth=-3.0, flipHoriz=False, flipVert=False, image='sin', interpolate=True, mask=None, maskParams=None, name='instr_button', opacity=1.0, ori=0.0, pos=array([ 0. , -0.7]), size=array([0.4, 0.4]), texRes=128.0, units='norm', win=Window(...))
15.4472 	EXP 	Created word = TextStim(__class__=<class 'psychopy.visual.text.TextStim'>, alignHoriz=method-wrapper(...), alignText='center', alignVert=method-wrapper(...), anchorHoriz='center', anchorVert='center', antialias=True, autoDraw=False, autoLog=True, bold=False, color=array([1., 1., 1.]), colorSpace='rgb', contrast=1.0, depth=0.0, flipHoriz=False, flipVert=False, font='Times New Roman', fontFiles=[], height=0.25, italic=False, languageStyle='LTR', name='word', opacity=1.0, ori=0, pos=array([0., 0.]), rgb=UNKNOWN, text='', units='norm', win=Window(...), wrapWidth=1.8)
15.4487 	EXP 	Created thansk_msg = TextStim(__class__=<class 'psychopy.visual.text.TextStim'>, alignHoriz=method-wrapper(...), alignText='center', alignVert=method-wrapper(...), anchorHoriz='center', anchorVert='center', antialias=True, autoDraw=False, autoLog=True, bold=False, color=array([1., 1., 1.]), colorSpace='rgb', contrast=1.0, depth=0.0, flipHoriz=False, flipVert=False, font='Times New Roman', fontFiles=[], height=0.1, italic=False, languageStyle='LTR', name='thansk_msg', opacity=1.0, ori=0, pos=array([0., 0.]), rgb=UNKNOWN, text='', units='norm', win=Window(...), wrapWidth=1.8)
15.4492 	EXP 	Created sequence: sequential, trialTypes=1, nReps=999, seed=None
15.4530 	EXP 	New trial (rep=0, index=0): None
15.6392 	EXP 	instr_msg: height = 0.1
15.6392 	EXP 	instr_msg: height = 0.1
15.6392 	EXP 	instr_msg: height = 0.1
15.6392 	EXP 	instr_msg: text = 'Olá, ! Começaremos agora a primeira sessão desta pesquisa.'
15.6392 	EXP 	instr_button: image = 'buttons1.jpg'
15.6392 	EXP 	instr_msg: autoDraw = True
15.6392 	EXP 	instr_button: autoDraw = True
20.2945 	EXP 	New trial (rep=1, index=0): None
20.3813 	DATA 	Keypress: right
20.3882 	EXP 	instr_msg: autoDraw = False
20.3882 	EXP 	instr_button: autoDraw = False
20.3882 	EXP 	instr_msg: height = 0.1
20.3882 	EXP 	instr_msg: height = 0.1
20.3882 	EXP 	instr_msg: height = 0.1
20.3882 	EXP 	instr_msg: text = 'Segunda tela de instruções'
20.3882 	EXP 	instr_button: image = 'buttons2.jpg'
20.3882 	EXP 	instr_msg: autoDraw = True
20.3882 	EXP 	instr_button: autoDraw = True
20.4455 	EXP 	New trial (rep=2, index=0): None
20.4592 	DATA 	Keypress: right
20.4728 	EXP 	instr_msg: autoDraw = False
20.4728 	EXP 	instr_button: autoDraw = False
20.4728 	EXP 	instr_msg: height = 0.1
20.4728 	EXP 	instr_msg: height = 0.1
20.4728 	EXP 	instr_msg: height = 0.1
20.4728 	EXP 	instr_msg: text = 'Terceira tela de instruções'
20.4728 	EXP 	instr_button: image = 'buttons2.jpg'
20.4728 	EXP 	instr_msg: autoDraw = True
20.4728 	EXP 	instr_button: autoDraw = True
20.5909 	DATA 	Keypress: right
20.6128 	EXP 	New trial (rep=3, index=0): None
20.6395 	EXP 	instr_msg: autoDraw = False
20.6395 	EXP 	instr_button: autoDraw = False
20.6395 	EXP 	instr_msg: height = 0.1
20.6395 	EXP 	instr_msg: height = 0.1
20.6395 	EXP 	instr_msg: height = 0.1
20.6395 	EXP 	instr_msg: text = 'Quarta tela de instruções'
20.6395 	EXP 	instr_button: image = 'buttons2.jpg'
20.6395 	EXP 	instr_msg: autoDraw = True
20.6395 	EXP 	instr_button: autoDraw = True
20.8121 	EXP 	New trial (rep=4, index=0): None
20.8220 	DATA 	Keypress: right
20.8396 	EXP 	instr_msg: autoDraw = False
20.8396 	EXP 	instr_button: autoDraw = False
20.8396 	EXP 	instr_msg: height = 0.1
20.8396 	EXP 	instr_msg: height = 0.1
20.8396 	EXP 	instr_msg: height = 0.1
20.8396 	EXP 	instr_msg: text = 'Quinta tela de instruções'
20.8396 	EXP 	instr_button: image = 'buttons2.jpg'
20.8396 	EXP 	instr_msg: autoDraw = True
20.8396 	EXP 	instr_button: autoDraw = True
20.9501 	EXP 	Imported words.xlsx as conditions, 5 conditions, 1 params
20.9507 	EXP 	Created sequence: random, trialTypes=5, nReps=1, seed=None
20.9511 	EXP 	New trial (rep=0, index=0): {'portuguese': 'palavra5'}
20.9664 	DATA 	Keypress: right
21.0000 	EXP 	instr_msg: autoDraw = False
21.0000 	EXP 	instr_button: autoDraw = False
21.0000 	EXP 	word: height = 0.25
21.0000 	EXP 	word: height = 0.25
21.0000 	EXP 	word: height = 0.25
21.0000 	EXP 	word: text = 'palavra5'
21.0000 	EXP 	word: autoDraw = True
22.9558 	EXP 	New trial (rep=0, index=1): {'portuguese': 'palavra2'}
22.9743 	EXP 	word: autoDraw = False
22.9743 	EXP 	word: height = 0.25
22.9743 	EXP 	word: height = 0.25
22.9743 	EXP 	word: height = 0.25
22.9743 	EXP 	word: text = 'palavra2'
22.9743 	EXP 	word: autoDraw = True
24.9430 	EXP 	New trial (rep=0, index=2): {'portuguese': 'palavra3'}
24.9721 	EXP 	word: autoDraw = False
24.9721 	EXP 	word: height = 0.25
24.9721 	EXP 	word: height = 0.25
24.9721 	EXP 	word: height = 0.25
24.9721 	EXP 	word: text = 'palavra3'
24.9721 	EXP 	word: autoDraw = True
26.9556 	EXP 	New trial (rep=0, index=3): {'portuguese': 'palavra1'}
26.9749 	EXP 	word: autoDraw = False
26.9749 	EXP 	word: height = 0.25
26.9749 	EXP 	word: height = 0.25
26.9749 	EXP 	word: height = 0.25
26.9749 	EXP 	word: text = 'palavra1'
26.9749 	EXP 	word: autoDraw = True
28.9556 	EXP 	New trial (rep=0, index=4): {'portuguese': 'palavra4'}
28.9726 	EXP 	word: autoDraw = False
28.9726 	EXP 	word: height = 0.25
28.9726 	EXP 	word: height = 0.25
28.9726 	EXP 	word: height = 0.25
28.9726 	EXP 	word: text = 'palavra4'
28.9726 	EXP 	word: autoDraw = True
30.9875 	EXP 	word: autoDraw = False
30.9875 	EXP 	thansk_msg: height = 0.1
30.9875 	EXP 	thansk_msg: height = 0.1
30.9875 	EXP 	thansk_msg: height = 0.1
30.9875 	EXP 	thansk_msg: text = ', as tarefas de  hoje terminaram!\n\nObrigado por sua participação!'
30.9875 	EXP 	thansk_msg: autoDraw = True
34.9414 	DATA 	Keypress: escape
35.4909 	EXP 	window1: mouseVisible = True
