3.2249 	WARNING 	We strongly recommend you activate the PTB sound engine in PsychoPy prefs as the preferred audio engine. Its timing is vastly superior. Your prefs are currently set to use ['sounddevice', 'PTB', 'pyo', 'pygame'] (in that order).
25.1542 	EXP 	Created window1 = Window(allowGUI=True, allowStencil=False, autoLog=True, backendConf=UNKNOWN, bitsMode=UNKNOWN, blendMode='avg', bpc=(8, 8, 8), color=array([-1., -1., -1.]), colorSpace='rgb', depthBits=8, fullscr=<method-wrapper '__getattribute__' of attributeSetter object at 0x0000027E26CC1520>, gamma=None, gammaErrorPolicy='raise', lms=UNKNOWN, monitor=<psychopy.monitors.calibTools.Monitor object at 0x0000027E509D1DC0>, multiSample=False, name='window1', numSamples=2, pos=(233, 84), screen=0, size=array([900, 600]), stencilBits=0, stereo=False, units='norm', useFBO=True, useRetina=False, viewOri=0.0, viewPos=None, viewScale=None, waitBlanking=True, winType='pyglet')
25.1543 	EXP 	window1: mouseVisible = True
25.1544 	EXP 	window1: mouseVisible = True
25.1544 	EXP 	window1: Attempting to measure frame rate of screen (0) ...
25.1544 	EXP 	window1: recordFrameIntervals = False
25.3502 	EXP 	window1: recordFrameIntervals = True
25.4385 	WARNING 	t of last frame was 21.53ms (=1/46)
25.5080 	WARNING 	t of last frame was 22.80ms (=1/43)
25.5711 	WARNING 	t of last frame was 20.29ms (=1/49)
25.7032 	WARNING 	t of last frame was 46.63ms (=1/21)
25.7268 	WARNING 	Multiple dropped frames have occurred - I'll stop bothering you about them!
27.1215 	WARNING 	Couldn't measure a consistent frame rate!
  - Is your graphics card set to sync to vertical blank?
  - Are you running other processes on your computer?

27.2190 	WARNING 	launchHubServer: If using the iohub mouse or eyetracker devices, fullScr should be True.
31.2564 	EXP 	Created instr_msg = TextStim(__class__=<class 'psychopy.visual.text.TextStim'>, alignHoriz=method-wrapper(...), alignText='center', alignVert=method-wrapper(...), anchorHoriz='center', anchorVert='center', antialias=True, autoDraw=False, autoLog=True, bold=False, color=array([1., 1., 1.]), colorSpace='rgb', contrast=1.0, depth=0.0, flipHoriz=False, flipVert=False, font='Times New Roman', fontFiles=[], height=0.1, italic=False, languageStyle='LTR', name='instr_msg', opacity=1.0, ori=0, pos=array([0., 0.]), rgb=UNKNOWN, text=str(...), units='norm', win=Window(...), wrapWidth=1.8)
31.2594 	EXP 	Created word = TextStim(__class__=<class 'psychopy.visual.text.TextStim'>, alignHoriz=method-wrapper(...), alignText='center', alignVert=method-wrapper(...), anchorHoriz='center', anchorVert='center', antialias=True, autoDraw=False, autoLog=True, bold=False, color=array([1., 1., 1.]), colorSpace='rgb', contrast=1.0, depth=0.0, flipHoriz=False, flipVert=False, font='Times New Roman', fontFiles=[], height=0.25, italic=False, languageStyle='LTR', name='word', opacity=1.0, ori=0, pos=array([0., 0.]), rgb=UNKNOWN, text='', units='norm', win=Window(...), wrapWidth=1.8)
31.2740 	EXP 	Created thansk_msg = TextStim(__class__=<class 'psychopy.visual.text.TextStim'>, alignHoriz=method-wrapper(...), alignText='center', alignVert=method-wrapper(...), anchorHoriz='center', anchorVert='center', antialias=True, autoDraw=False, autoLog=True, bold=False, color=array([1., 1., 1.]), colorSpace='rgb', contrast=1.0, depth=0.0, flipHoriz=False, flipVert=False, font='Times New Roman', fontFiles=[], height=0.1, italic=False, languageStyle='LTR', name='thansk_msg', opacity=1.0, ori=0, pos=array([0., 0.]), rgb=UNKNOWN, text=str(...), units='norm', win=Window(...), wrapWidth=1.8)
31.2955 	EXP 	instr_msg: autoDraw = True
81.7376 	DATA 	Keypress: space
81.7648 	EXP 	Imported words.xlsx as conditions, 5 conditions, 1 params
81.7659 	EXP 	Created sequence: random, trialTypes=5, nReps=1, seed=None
81.7672 	EXP 	New trial (rep=0, index=0): {'portuguese': 'palavra4'}
81.7995 	EXP 	instr_msg: autoDraw = False
81.7995 	EXP 	word: height = 0.25
81.7995 	EXP 	word: height = 0.25
81.7995 	EXP 	word: height = 0.25
81.7995 	EXP 	word: text = 'palavra4'
81.7995 	EXP 	word: autoDraw = True
86.7683 	EXP 	New trial (rep=0, index=1): {'portuguese': 'palavra1'}
86.7837 	EXP 	word: autoDraw = False
86.7837 	EXP 	word: height = 0.25
86.7837 	EXP 	word: height = 0.25
86.7837 	EXP 	word: height = 0.25
86.7837 	EXP 	word: text = 'palavra1'
86.7837 	EXP 	word: autoDraw = True
91.7671 	EXP 	New trial (rep=0, index=2): {'portuguese': 'palavra5'}
91.7837 	EXP 	word: autoDraw = False
91.7837 	EXP 	word: height = 0.25
91.7837 	EXP 	word: height = 0.25
91.7837 	EXP 	word: height = 0.25
91.7837 	EXP 	word: text = 'palavra5'
91.7837 	EXP 	word: autoDraw = True
96.7676 	EXP 	New trial (rep=0, index=3): {'portuguese': 'palavra3'}
96.7826 	EXP 	word: autoDraw = False
96.7826 	EXP 	word: height = 0.25
96.7826 	EXP 	word: height = 0.25
96.7826 	EXP 	word: height = 0.25
96.7826 	EXP 	word: text = 'palavra3'
96.7826 	EXP 	word: autoDraw = True
101.7669 	EXP 	New trial (rep=0, index=4): {'portuguese': 'palavra2'}
101.7828 	EXP 	word: autoDraw = False
101.7828 	EXP 	word: height = 0.25
101.7828 	EXP 	word: height = 0.25
101.7828 	EXP 	word: height = 0.25
101.7828 	EXP 	word: text = 'palavra2'
101.7828 	EXP 	word: autoDraw = True
106.7849 	EXP 	word: autoDraw = False
106.7849 	EXP 	thansk_msg: autoDraw = True
111.7825 	EXP 	thansk_msg: autoDraw = False
111.9626 	EXP 	window1: mouseVisible = True
