3.4642 	WARNING 	We strongly recommend you activate the PTB sound engine in PsychoPy prefs as the preferred audio engine. Its timing is vastly superior. Your prefs are currently set to use ['sounddevice', 'PTB', 'pyo', 'pygame'] (in that order).
16.7441 	EXP 	Created window1 = Window(allowGUI=True, allowStencil=False, autoLog=True, backendConf=UNKNOWN, bitsMode=UNKNOWN, blendMode='avg', bpc=(8, 8, 8), color=array([-1., -1., -1.]), colorSpace='rgb', depthBits=8, fullscr=<method-wrapper '__getattribute__' of attributeSetter object at 0x0000016449CD0340>, gamma=None, gammaErrorPolicy='raise', lms=UNKNOWN, monitor=<psychopy.monitors.calibTools.Monitor object at 0x0000016470552250>, multiSample=False, name='window1', numSamples=2, pos=(233, 84), screen=0, size=array([900, 600]), stencilBits=0, stereo=False, units='norm', useFBO=True, useRetina=False, viewOri=0.0, viewPos=None, viewScale=None, waitBlanking=True, winType='pyglet')
16.7442 	EXP 	window1: mouseVisible = True
16.7443 	EXP 	window1: mouseVisible = True
16.7443 	EXP 	window1: Attempting to measure frame rate of screen (0) ...
16.7443 	EXP 	window1: recordFrameIntervals = False
16.9109 	EXP 	window1: recordFrameIntervals = True
17.0921 	EXP 	Screen (0) actual frame rate measured at 60.31Hz
17.0921 	EXP 	window1: recordFrameIntervals = False
17.3176 	EXP 	Created instr_msg = TextStim(__class__=<class 'psychopy.visual.text.TextStim'>, alignHoriz=method-wrapper(...), alignText='center', alignVert=method-wrapper(...), anchorHoriz='center', anchorVert='center', antialias=True, autoDraw=False, autoLog=True, bold=False, color=array([1., 1., 1.]), colorSpace='rgb', contrast=1.0, depth=-1.0, flipHoriz=False, flipVert=False, font='Times New Roman', fontFiles=[], height=0.1, italic=False, languageStyle='LTR', name='instr_msg', opacity=1.0, ori=0, pos=array([0., 0.]), rgb=UNKNOWN, text='', units='norm', win=Window(...), wrapWidth=1.8)
17.3442 	EXP 	Created instr_button = ImageStim(__class__=<class 'psychopy.visual.image.ImageStim'>, anchor=('center', 'center'), autoLog=True, color=array([1., 1., 1.]), colorSpace='rgb', contrast=1.0, depth=-3.0, flipHoriz=False, flipVert=False, image='sin', interpolate=True, mask=None, maskParams=None, name='instr_button', opacity=1.0, ori=0.0, pos=array([ 0. , -0.7]), size=array([0.4, 0.4]), texRes=128.0, units='norm', win=Window(...))
17.3468 	EXP 	Created word = TextStim(__class__=<class 'psychopy.visual.text.TextStim'>, alignHoriz=method-wrapper(...), alignText='center', alignVert=method-wrapper(...), anchorHoriz='center', anchorVert='center', antialias=True, autoDraw=False, autoLog=True, bold=False, color=array([1., 1., 1.]), colorSpace='rgb', contrast=1.0, depth=0.0, flipHoriz=False, flipVert=False, font='Times New Roman', fontFiles=[], height=0.25, italic=False, languageStyle='LTR', name='word', opacity=1.0, ori=0, pos=array([0., 0.]), rgb=UNKNOWN, text='', units='norm', win=Window(...), wrapWidth=1.8)
17.3481 	EXP 	Created thansk_msg = TextStim(__class__=<class 'psychopy.visual.text.TextStim'>, alignHoriz=method-wrapper(...), alignText='center', alignVert=method-wrapper(...), anchorHoriz='center', anchorVert='center', antialias=True, autoDraw=False, autoLog=True, bold=False, color=array([1., 1., 1.]), colorSpace='rgb', contrast=1.0, depth=0.0, flipHoriz=False, flipVert=False, font='Times New Roman', fontFiles=[], height=0.1, italic=False, languageStyle='LTR', name='thansk_msg', opacity=1.0, ori=0, pos=array([0., 0.]), rgb=UNKNOWN, text='', units='norm', win=Window(...), wrapWidth=1.8)
17.3484 	EXP 	Created sequence: sequential, trialTypes=1, nReps=999, seed=None
17.3523 	EXP 	New trial (rep=0, index=0): None
17.5094 	EXP 	instr_msg: height = 0.1
17.5094 	EXP 	instr_msg: height = 0.1
17.5094 	EXP 	instr_msg: height = 0.1
17.5094 	EXP 	instr_msg: text = 'Olá, Miryam! Começaremos agora a primeira sessão desta pesquisa.'
17.5094 	EXP 	instr_button: image = 'buttons1.jpg'
17.5094 	EXP 	instr_msg: autoDraw = True
17.5094 	EXP 	instr_button: autoDraw = True
18.8458 	DATA 	Keypress: right
18.8622 	EXP 	New trial (rep=1, index=0): None
18.9573 	EXP 	instr_msg: autoDraw = False
18.9573 	EXP 	instr_button: autoDraw = False
18.9573 	EXP 	instr_msg: height = 0.1
18.9573 	EXP 	instr_msg: height = 0.1
18.9573 	EXP 	instr_msg: height = 0.1
18.9573 	EXP 	instr_msg: text = 'Segunda tela de instruções'
18.9573 	EXP 	instr_button: image = 'buttons2.jpg'
18.9573 	EXP 	instr_msg: autoDraw = True
18.9573 	EXP 	instr_button: autoDraw = True
19.0139 	EXP 	New trial (rep=2, index=0): None
19.0285 	DATA 	Keypress: right
19.0431 	EXP 	instr_msg: autoDraw = False
19.0431 	EXP 	instr_button: autoDraw = False
19.0431 	EXP 	instr_msg: height = 0.1
19.0431 	EXP 	instr_msg: height = 0.1
19.0431 	EXP 	instr_msg: height = 0.1
19.0431 	EXP 	instr_msg: text = 'Terceira tela de instruções'
19.0431 	EXP 	instr_button: image = 'buttons2.jpg'
19.0431 	EXP 	instr_msg: autoDraw = True
19.0431 	EXP 	instr_button: autoDraw = True
19.1466 	EXP 	New trial (rep=3, index=0): None
19.1558 	DATA 	Keypress: right
19.1760 	EXP 	instr_msg: autoDraw = False
19.1760 	EXP 	instr_button: autoDraw = False
19.1760 	EXP 	instr_msg: height = 0.1
19.1760 	EXP 	instr_msg: height = 0.1
19.1760 	EXP 	instr_msg: height = 0.1
19.1760 	EXP 	instr_msg: text = 'Quarta tela de instruções'
19.1760 	EXP 	instr_button: image = 'buttons2.jpg'
19.1760 	EXP 	instr_msg: autoDraw = True
19.1760 	EXP 	instr_button: autoDraw = True
19.3141 	EXP 	New trial (rep=4, index=0): None
19.3225 	DATA 	Keypress: right
19.3426 	EXP 	instr_msg: autoDraw = False
19.3426 	EXP 	instr_button: autoDraw = False
19.3426 	EXP 	instr_msg: height = 0.1
19.3426 	EXP 	instr_msg: height = 0.1
19.3426 	EXP 	instr_msg: height = 0.1
19.3426 	EXP 	instr_msg: text = 'Quinta tela de instruções'
19.3426 	EXP 	instr_button: image = 'buttons2.jpg'
19.3426 	EXP 	instr_msg: autoDraw = True
19.3426 	EXP 	instr_button: autoDraw = True
19.4452 	DATA 	Keypress: right
19.4694 	EXP 	Imported words.xlsx as conditions, 5 conditions, 1 params
19.4701 	EXP 	Created sequence: random, trialTypes=5, nReps=1, seed=None
19.4704 	EXP 	New trial (rep=0, index=0): {'portuguese': 'palavra1'}
19.5161 	EXP 	instr_msg: autoDraw = False
19.5161 	EXP 	instr_button: autoDraw = False
19.5161 	EXP 	word: height = 0.25
19.5161 	EXP 	word: height = 0.25
19.5161 	EXP 	word: height = 0.25
19.5161 	EXP 	word: text = 'palavra1'
19.5161 	EXP 	word: autoDraw = True
19.6447 	DATA 	Keypress: right
21.4605 	EXP 	New trial (rep=0, index=1): {'portuguese': 'palavra4'}
21.4769 	EXP 	word: autoDraw = False
21.4769 	EXP 	word: height = 0.25
21.4769 	EXP 	word: height = 0.25
21.4769 	EXP 	word: height = 0.25
21.4769 	EXP 	word: text = 'palavra4'
21.4769 	EXP 	word: autoDraw = True
23.4774 	EXP 	New trial (rep=0, index=2): {'portuguese': 'palavra3'}
23.4914 	EXP 	word: autoDraw = False
23.4914 	EXP 	word: height = 0.25
23.4914 	EXP 	word: height = 0.25
23.4914 	EXP 	word: height = 0.25
23.4914 	EXP 	word: text = 'palavra3'
23.4914 	EXP 	word: autoDraw = True
25.4783 	EXP 	New trial (rep=0, index=3): {'portuguese': 'palavra2'}
25.5099 	EXP 	word: autoDraw = False
25.5099 	EXP 	word: height = 0.25
25.5099 	EXP 	word: height = 0.25
25.5099 	EXP 	word: height = 0.25
25.5099 	EXP 	word: text = 'palavra2'
25.5099 	EXP 	word: autoDraw = True
27.4757 	EXP 	New trial (rep=0, index=4): {'portuguese': 'palavra5'}
27.4918 	EXP 	word: autoDraw = False
27.4918 	EXP 	word: height = 0.25
27.4918 	EXP 	word: height = 0.25
27.4918 	EXP 	word: height = 0.25
27.4918 	EXP 	word: text = 'palavra5'
27.4918 	EXP 	word: autoDraw = True
29.5243 	EXP 	word: autoDraw = False
29.5243 	EXP 	thansk_msg: height = 0.1
29.5243 	EXP 	thansk_msg: height = 0.1
29.5243 	EXP 	thansk_msg: height = 0.1
29.5243 	EXP 	thansk_msg: text = 'Miryam, as tarefas de  hoje terminaram!\n\nDaqui em diante, seus dados serão analisados de forma anônima, por meio do seguinte código: 048HA.\n\nObrigado por sua participação!'
29.5243 	EXP 	thansk_msg: autoDraw = True
34.4922 	EXP 	thansk_msg: autoDraw = False
34.5139 	EXP 	window1: mouseVisible = True
